<?xml version="1.0" encoding="UTF-8"?>
<!-- Generated by org.testng.reporters.JUnitReportReporter -->
<testsuite hostname="DESKTOP-Q4MGKFU" failures="0" tests="3" name="TestRunner.Run" time="36.903" errors="0" timestamp="2023-06-03T15:52:03 IST" skipped="0">
  <testcase classname="TestRunner.Run" name="runScenario" time="11.360"/>
  <system-out/>
  <testcase classname="TestRunner.Run" name="runScenario" time="15.158"/>
  <system-out/>
  <testcase classname="TestRunner.Run" name="runScenario" time="10.385"/>
  <system-out/>
</testsuite> <!-- TestRunner.Run -->
